<?xml version="1.0" encoding="UTF-8"?>
<!-- Generated by org.testng.reporters.JUnitReportReporter -->
<testsuite skipped="0" hostname="P5-GKX3T72" name="DemoProjectWorkspace.DemoProject.TestClass" tests="4" failures="0" timestamp="06 Apr 2018 07:04:20 GMT" time="73.107" errors="0">
  <testcase name="method2" time="22.866" classname="DemoProjectWorkspace.DemoProject.TestClass"/>
  <testcase name="method1" time="18.263" classname="DemoProjectWorkspace.DemoProject.TestClass"/>
  <testcase name="method2" time="18.869" classname="DemoProjectWorkspace.DemoProject.TestClass"/>
  <testcase name="method1" time="13.109" classname="DemoProjectWorkspace.DemoProject.TestClass"/>
</testsuite> <!-- DemoProjectWorkspace.DemoProject.TestClass -->
