<?xml version="1.0" encoding="UTF-8"?>
<!-- Generated by org.testng.reporters.JUnitReportReporter -->
<testsuite skipped="0" hostname="P5-GKX3T72" name="DemoProjectWorkspace.DemoProject.TestClass2" tests="2" failures="0" timestamp="04 Apr 2018 07:00:58 GMT" time="28.572" errors="0">
  <testcase name="method1" time="19.018" classname="DemoProjectWorkspace.DemoProject.TestClass2"/>
  <testcase name="method2" time="9.554" classname="DemoProjectWorkspace.DemoProject.TestClass2"/>
</testsuite> <!-- DemoProjectWorkspace.DemoProject.TestClass2 -->
